<?xml version="1.0" encoding="UTF-8"?>
<!-- Generated by org.testng.reporters.JUnitReportReporter -->
<testsuite hostname="Shankar" failures="0" tests="1" name="practiceTrialTest" time="467.044" errors="0" timestamp="2023-12-14T13:28:58 IST" skipped="0">
  <testcase classname="practiceTrialTest" name="abc" time="467.044"/>
  <system-out/>
</testsuite> <!-- practiceTrialTest -->
