<?xml version="1.0" encoding="UTF-8"?>
<!-- Generated by org.testng.reporters.JUnitReportReporter -->
<testsuite hostname="Shankar" failures="0" tests="1" name="bike.program3" time="83.469" errors="0" timestamp="2023-12-13T15:46:28 IST" skipped="0">
  <testcase classname="bike.program3" name="bike21" time="83.469"/>
  <system-out/>
</testsuite> <!-- bike.program3 -->
