<?xml version="1.0" encoding="UTF-8"?>
<!-- Generated by org.testng.reporters.JUnitReportReporter -->
<testsuite hostname="Shankar" failures="0" tests="1" name="car.program3" time="97.637" errors="0" timestamp="2023-12-14T13:54:52 IST" skipped="0">
  <testcase classname="car.program3" name="bike21" time="97.637"/>
  <system-out/>
</testsuite> <!-- car.program3 -->
