<?xml version="1.0" encoding="UTF-8"?>
<!-- Generated by org.testng.reporters.JUnitReportReporter -->
<testsuite hostname="Shankar" failures="0" tests="2" name="bike.orangeHRM" time="16.061" errors="0" timestamp="2023-12-14T20:13:37 IST" skipped="0">
  <testcase classname="bike.orangeHRM" name="Vacancy" time="3.031"/>
  <system-out/>
  <testcase classname="bike.orangeHRM" name="recruitment" time="13.030"/>
  <system-out>
hiii  </system-out>
</testsuite> <!-- bike.orangeHRM -->
