<?xml version="1.0" encoding="UTF-8"?>
<!-- Generated by org.testng.reporters.JUnitReportReporter -->
<testsuite hostname="Shankar" failures="0" tests="2" name="javasele.FirstClass" time="39.770" errors="0" timestamp="2023-12-13T20:05:25 IST" skipped="0">
  <testcase classname="javasele.FirstClass" name="testGoogle" time="19.914"/>
  <system-out>
w3schools - Google Search  </system-out>
  <testcase classname="javasele.FirstClass" name="testFacebook" time="19.856"/>
  <system-out>
Log in to Facebook  </system-out>
</testsuite> <!-- javasele.FirstClass -->
