<?xml version="1.0" encoding="UTF-8"?>
<!-- Generated by org.testng.reporters.JUnitReportReporter -->
<testsuite hostname="Shankar" failures="0" tests="13" name="propertiesdata.RegistrationDemoWebShopPage" time="70.169" errors="0" timestamp="2023-12-18T21:40:48 IST" skipped="0">
  <testcase classname="propertiesdata.RegistrationDemoWebShopPage" name="Access" time="10.187"/>
  <system-out/>
  <testcase classname="propertiesdata.RegistrationDemoWebShopPage" name="registration" time="5.623"/>
  <system-out/>
  <testcase classname="propertiesdata.RegistrationDemoWebShopPage" name="registration" time="5.473"/>
  <system-out/>
  <testcase classname="propertiesdata.RegistrationDemoWebShopPage" name="registration" time="6.170"/>
  <system-out/>
  <testcase classname="propertiesdata.RegistrationDemoWebShopPage" name="registration" time="6.036"/>
  <system-out/>
  <testcase classname="propertiesdata.RegistrationDemoWebShopPage" name="registration" time="0.668"/>
  <system-out/>
  <testcase classname="propertiesdata.RegistrationDemoWebShopPage" name="registration" time="8.073"/>
  <system-out/>
  <testcase classname="propertiesdata.RegistrationDemoWebShopPage" name="registration" time="5.511"/>
  <system-out/>
  <testcase classname="propertiesdata.RegistrationDemoWebShopPage" name="registration" time="5.502"/>
  <system-out/>
  <testcase classname="propertiesdata.RegistrationDemoWebShopPage" name="registration" time="5.379"/>
  <system-out/>
  <testcase classname="propertiesdata.RegistrationDemoWebShopPage" name="registration" time="5.361"/>
  <system-out/>
  <testcase classname="propertiesdata.RegistrationDemoWebShopPage" name="registration" time="5.666"/>
  <system-out/>
  <testcase classname="propertiesdata.RegistrationDemoWebShopPage" name="logout" time="0.520"/>
  <system-out/>
</testsuite> <!-- propertiesdata.RegistrationDemoWebShopPage -->
