<?xml version="1.0" encoding="UTF-8"?>
<!-- Generated by org.testng.reporters.JUnitReportReporter -->
<testsuite hostname="Shankar" failures="0" tests="1" name="javasele.ProductTobeAddinCart" time="12.484" errors="0" timestamp="2023-12-14T15:20:17 IST" skipped="0">
  <testcase classname="javasele.ProductTobeAddinCart" name="searchProduct" time="12.484"/>
  <system-out/>
</testsuite> <!-- javasele.ProductTobeAddinCart -->
