<?xml version="1.0" encoding="UTF-8"?>
<!-- Generated by org.testng.reporters.JUnitReportReporter -->
<testsuite hostname="Shankar" failures="0" tests="55" name="javasele.DemoWebShopRegistration" time="91.067" errors="0" timestamp="2023-12-18T19:04:54 IST" skipped="2">
  <testcase classname="javasele.DemoWebShopRegistration" name="Access" time="17.052"/>
  <system-out/>
  <testcase classname="javasele.DemoWebShopRegistration" name="registration" time="0.153"/>
  <system-out/>
  <testcase classname="javasele.DemoWebShopRegistration" name="registration" time="0.027"/>
  <system-out/>
  <testcase classname="javasele.DemoWebShopRegistration" name="registration" time="0.014"/>
  <system-out/>
  <testcase classname="javasele.DemoWebShopRegistration" name="registration" time="0.015"/>
  <system-out/>
  <testcase classname="javasele.DemoWebShopRegistration" name="registration" time="0.015"/>
  <system-out/>
  <testcase classname="javasele.DemoWebShopRegistration" name="registration" time="0.021"/>
  <system-out/>
  <testcase classname="javasele.DemoWebShopRegistration" name="registration" time="0.015"/>
  <system-out/>
  <testcase classname="javasele.DemoWebShopRegistration" name="registration" time="0.020"/>
  <system-out/>
  <testcase classname="javasele.DemoWebShopRegistration" name="registration" time="0.015"/>
  <system-out/>
  <testcase classname="javasele.DemoWebShopRegistration" name="registration" time="3.343"/>
  <system-out/>
  <testcase classname="javasele.DemoWebShopRegistration" name="registration" time="1.663"/>
  <system-out/>
  <testcase classname="javasele.DemoWebShopRegistration" name="registration" time="3.426"/>
  <system-out/>
  <testcase classname="javasele.DemoWebShopRegistration" name="registration" time="3.324"/>
  <system-out/>
  <testcase classname="javasele.DemoWebShopRegistration" name="registration" time="0.017"/>
  <system-out/>
  <testcase classname="javasele.DemoWebShopRegistration" name="registration" time="0.020"/>
  <system-out/>
  <testcase classname="javasele.DemoWebShopRegistration" name="registration" time="0.012"/>
  <system-out/>
  <testcase classname="javasele.DemoWebShopRegistration" name="registration" time="0.036"/>
  <system-out/>
  <testcase classname="javasele.DemoWebShopRegistration" name="registration" time="4.725"/>
  <system-out/>
  <testcase classname="javasele.DemoWebShopRegistration" name="registration" time="0.014"/>
  <system-out/>
  <testcase classname="javasele.DemoWebShopRegistration" name="registration" time="0.012"/>
  <system-out/>
  <testcase classname="javasele.DemoWebShopRegistration" name="registration" time="0.017"/>
  <system-out/>
  <testcase classname="javasele.DemoWebShopRegistration" name="registration" time="0.014"/>
  <system-out/>
  <testcase classname="javasele.DemoWebShopRegistration" name="registration" time="1.060"/>
  <system-out/>
  <testcase classname="javasele.DemoWebShopRegistration" name="registration" time="0.017"/>
  <system-out/>
  <testcase classname="javasele.DemoWebShopRegistration" name="registration" time="3.245"/>
  <system-out/>
  <testcase classname="javasele.DemoWebShopRegistration" name="registration" time="0.012"/>
  <system-out/>
  <testcase classname="javasele.DemoWebShopRegistration" name="login" time="2.029"/>
  <system-out/>
  <testcase classname="javasele.DemoWebShopRegistration" name="login" time="2.022"/>
  <system-out/>
  <testcase classname="javasele.DemoWebShopRegistration" name="login" time="2.028"/>
  <system-out/>
  <testcase classname="javasele.DemoWebShopRegistration" name="login" time="2.024"/>
  <system-out/>
  <testcase classname="javasele.DemoWebShopRegistration" name="login" time="2.035"/>
  <system-out/>
  <testcase classname="javasele.DemoWebShopRegistration" name="login" time="2.038"/>
  <system-out/>
  <testcase classname="javasele.DemoWebShopRegistration" name="login" time="2.012"/>
  <system-out/>
  <testcase classname="javasele.DemoWebShopRegistration" name="login" time="2.042"/>
  <system-out/>
  <testcase classname="javasele.DemoWebShopRegistration" name="login" time="2.032"/>
  <system-out/>
  <testcase classname="javasele.DemoWebShopRegistration" name="login" time="2.017"/>
  <system-out/>
  <testcase classname="javasele.DemoWebShopRegistration" name="login" time="2.033"/>
  <system-out/>
  <testcase classname="javasele.DemoWebShopRegistration" name="login" time="2.048"/>
  <system-out/>
  <testcase classname="javasele.DemoWebShopRegistration" name="login" time="2.037"/>
  <system-out/>
  <testcase classname="javasele.DemoWebShopRegistration" name="login" time="2.025"/>
  <system-out/>
  <testcase classname="javasele.DemoWebShopRegistration" name="login" time="2.051"/>
  <system-out/>
  <testcase classname="javasele.DemoWebShopRegistration" name="login" time="2.023"/>
  <system-out/>
  <testcase classname="javasele.DemoWebShopRegistration" name="login" time="2.015"/>
  <system-out/>
  <testcase classname="javasele.DemoWebShopRegistration" name="login" time="2.019"/>
  <system-out/>
  <testcase classname="javasele.DemoWebShopRegistration" name="login" time="2.023"/>
  <system-out/>
  <testcase classname="javasele.DemoWebShopRegistration" name="login" time="2.043"/>
  <system-out/>
  <testcase classname="javasele.DemoWebShopRegistration" name="login" time="2.030"/>
  <system-out/>
  <testcase classname="javasele.DemoWebShopRegistration" name="login" time="2.025"/>
  <system-out/>
  <testcase classname="javasele.DemoWebShopRegistration" name="login" time="2.032"/>
  <system-out/>
  <testcase classname="javasele.DemoWebShopRegistration" name="login" time="2.016"/>
  <system-out/>
  <testcase classname="javasele.DemoWebShopRegistration" name="login" time="2.040"/>
  <system-out/>
  <testcase classname="javasele.DemoWebShopRegistration" name="login" time="2.024"/>
  <system-out/>
  <testcase classname="javasele.DemoWebShopRegistration" name="Accessq">
    <skipped/>
  </testcase> <!-- Accessq -->
  <system-out/>
  <testcase classname="javasele.DemoWebShopRegistration" name="closeBrow">
    <skipped/>
  </testcase> <!-- closeBrow -->
  <system-out/>
</testsuite> <!-- javasele.DemoWebShopRegistration -->
