<?xml version="1.0" encoding="UTF-8"?>
<!-- Generated by org.testng.reporters.JUnitReportReporter -->
<testsuite hostname="Shankar" failures="0" tests="6" name="parametersAndlisteners.loginClass" time="56.504" errors="0" timestamp="2023-12-19T21:32:25 IST" skipped="3">
  <testcase classname="parametersAndlisteners.loginClass" name="login" time="19.701"/>
  <system-out/>
  <testcase classname="parametersAndlisteners.loginClass" name="login" time="24.566"/>
  <system-out/>
  <testcase classname="parametersAndlisteners.loginClass" name="login" time="12.237"/>
  <system-out/>
  <testcase classname="parametersAndlisteners.loginClass" name="logout">
    <skipped/>
  </testcase> <!-- logout -->
  <system-out/>
  <testcase classname="parametersAndlisteners.loginClass" name="logout">
    <skipped/>
  </testcase> <!-- logout -->
  <system-out/>
  <testcase classname="parametersAndlisteners.loginClass" name="logout">
    <skipped/>
  </testcase> <!-- logout -->
  <system-out/>
</testsuite> <!-- parametersAndlisteners.loginClass -->
