<?xml version="1.0" encoding="UTF-8"?>
<!-- Generated by org.testng.reporters.JUnitReportReporter -->
<testsuite hostname="Shankar" failures="0" tests="1" name="bike.program1" time="7.832" errors="0" timestamp="2023-12-14T13:56:58 IST" skipped="0">
  <testcase classname="bike.program1" name="bike11" time="7.832"/>
  <system-out/>
</testsuite> <!-- bike.program1 -->
