<?xml version="1.0" encoding="UTF-8"?>
<!-- Generated by org.testng.reporters.JUnitReportReporter -->
<testsuite hostname="Shankar" failures="0" tests="4" name="fileRead.dataDriven" time="0.046" errors="0" timestamp="2023-12-15T15:30:39 IST" skipped="1">
  <testcase classname="fileRead.dataDriven" name="read" time="0.024"/>
  <system-out/>
  <testcase classname="fileRead.dataDriven" name="read" time="0.012"/>
  <system-out/>
  <testcase classname="fileRead.dataDriven" name="read" time="0.010"/>
  <system-out/>
  <testcase classname="fileRead.dataDriven" name="facbook">
    <skipped/>
  </testcase> <!-- facbook -->
  <system-out/>
</testsuite> <!-- fileRead.dataDriven -->
