<?xml version="1.0" encoding="UTF-8"?>
<!-- Generated by org.testng.reporters.JUnitReportReporter -->
<testsuite hostname="Shankar" failures="0" tests="2" name="fileRead.DataDriverTesting" time="0.037" errors="0" timestamp="2023-12-15T14:58:53 IST" skipped="0">
  <testcase classname="fileRead.DataDriverTesting" name="facbook" time="0.025"/>
  <system-out/>
  <testcase classname="fileRead.DataDriverTesting" name="facbook" time="0.012"/>
  <system-out/>
</testsuite> <!-- fileRead.DataDriverTesting -->
