<?xml version="1.0" encoding="UTF-8"?>
<!-- Generated by org.testng.reporters.JUnitReportReporter -->
<testsuite hostname="Shankar" failures="0" tests="1" name="javasele.sample" time="0.041" errors="0" timestamp="2023-12-14T14:31:07 IST" skipped="0">
  <testcase classname="javasele.sample" name="login" time="0.041"/>
  <system-out>
test class  </system-out>
</testsuite> <!-- javasele.sample -->
