<?xml version="1.0" encoding="UTF-8"?>
<!-- Generated by org.testng.reporters.JUnitReportReporter -->
<testsuite hostname="Shankar" failures="0" tests="1" name="car.program2" time="50.673" errors="0" timestamp="2023-12-14T13:54:51 IST" skipped="0">
  <testcase classname="car.program2" name="bike21" time="50.673"/>
  <system-out/>
</testsuite> <!-- car.program2 -->
